<?xml version="1.0" encoding="UTF-8"?>
<!-- Generated by org.testng.reporters.JUnitXMLReporter -->
<testsuite ignored="0" hostname="GODHEAVEN" failures="0" tests="4" name="Default test" time="10.923" errors="0" timestamp="2024-08-11T10:35:59 IST">
  <testcase classname="cucumber.api.testng.AbstractTestNGCucumberTests" name="runScenario" time="4.016">
    <skipped/>
  </testcase> <!-- runScenario -->
  <testcase classname="cucumber.api.testng.AbstractTestNGCucumberTests" name="runScenario" time="1.98">
    <skipped/>
  </testcase> <!-- runScenario -->
  <testcase classname="cucumber.api.testng.AbstractTestNGCucumberTests" name="runScenario" time="2.028">
    <skipped/>
  </testcase> <!-- runScenario -->
  <testcase classname="cucumber.api.testng.AbstractTestNGCucumberTests" name="runScenario" time="2.254">
    <skipped/>
  </testcase> <!-- runScenario -->
</testsuite> <!-- Default test -->
